app/build/intermediates/manifest_merge_blame_file/debug/manifest-merger-blame-debug-report.txt
1<?xml version="1.0" encoding="utf-8"?>
2<manifest xmlns:android="http://schemas.android.com/apk/res/android"
3    package="com.example.projektmobileapplikationen"
4    android:versionCode="1"
5    android:versionName="1.0" >
6
7    <uses-sdk
8        android:minSdkVersion="15"
8-->src\main\AndroidManifest.xml
9        android:targetSdkVersion="29" />
9-->src\main\AndroidManifest.xml
10
11    <!-- Include required permissions for Google Mobile Ads to run -->
12    <uses-permission android:name="android.permission.INTERNET" />
12-->[com.google.android.gms:play-services-ads-lite:18.2.0] AndroidManifest.xml:23:5-67
12-->[com.google.android.gms:play-services-ads-lite:18.2.0] AndroidManifest.xml:23:22-64
13    <uses-permission android:name="android.permission.ACCESS_NETWORK_STATE" />
13-->[com.google.android.gms:play-services-ads-lite:18.2.0] AndroidManifest.xml:24:5-79
13-->[com.google.android.gms:play-services-ads-lite:18.2.0] AndroidManifest.xml:24:22-76
14    <uses-permission android:name="android.permission.WAKE_LOCK" />
14-->[com.google.android.gms:play-services-measurement:17.0.0] AndroidManifest.xml:25:5-68
14-->[com.google.android.gms:play-services-measurement:17.0.0] AndroidManifest.xml:25:22-65
15    <uses-permission android:name="com.google.android.finsky.permission.BIND_GET_INSTALL_REFERRER_SERVICE" />
15-->[com.google.android.gms:play-services-measurement:17.0.0] AndroidManifest.xml:26:5-110
15-->[com.google.android.gms:play-services-measurement:17.0.0] AndroidManifest.xml:26:22-107
16
17    <application
17-->src\main\AndroidManifest.xml:5:5-40:19
18        android:allowBackup="true"
18-->src\main\AndroidManifest.xml:6:9-35
19        android:appComponentFactory="androidx.core.app.CoreComponentFactory"
19-->[androidx.core:core:1.1.0] AndroidManifest.xml:24:18-86
20        android:debuggable="true"
21        android:icon="@mipmap/ic_launcher"
21-->src\main\AndroidManifest.xml:7:9-43
22        android:label="@string/app_name"
22-->src\main\AndroidManifest.xml:8:9-41
23        android:roundIcon="@mipmap/ic_launcher_round"
23-->src\main\AndroidManifest.xml:9:9-54
24        android:supportsRtl="true"
24-->src\main\AndroidManifest.xml:10:9-35
25        android:testOnly="true"
26        android:theme="@style/AppTheme" >
26-->src\main\AndroidManifest.xml:11:9-40
27        <activity
27-->src\main\AndroidManifest.xml:12:9-15:68
28            android:name="com.example.projektmobileapplikationen.ReiseListActivity"
28-->src\main\AndroidManifest.xml:13:13-46
29            android:label="@string/title_reise_list"
29-->src\main\AndroidManifest.xml:14:13-53
30            android:theme="@style/AppTheme.NoActionBar" />
30-->src\main\AndroidManifest.xml:15:13-56
31        <activity
31-->src\main\AndroidManifest.xml:16:9-24:20
32            android:name="com.example.projektmobileapplikationen.ReiseDetailActivity"
32-->src\main\AndroidManifest.xml:17:13-48
33            android:label="@string/title_reise_detail"
33-->src\main\AndroidManifest.xml:18:13-55
34            android:parentActivityName="com.example.projektmobileapplikationen.ReiseListActivity"
34-->src\main\AndroidManifest.xml:19:13-60
35            android:theme="@style/AppTheme.NoActionBar" >
35-->src\main\AndroidManifest.xml:20:13-56
36            <meta-data
36-->src\main\AndroidManifest.xml:21:13-23:92
37                android:name="android.support.PARENT_ACTIVITY"
37-->src\main\AndroidManifest.xml:22:17-63
38                android:value="com.example.projektmobileapplikationen.ReiseListActivity" />
38-->src\main\AndroidManifest.xml:23:17-89
39        </activity>
40        <activity android:name="com.example.projektmobileapplikationen.graphic" />
40-->src\main\AndroidManifest.xml:25:9-45
40-->src\main\AndroidManifest.xml:25:19-42
41        <activity android:name="com.example.projektmobileapplikationen.Ergebnis" />
41-->src\main\AndroidManifest.xml:26:9-46
41-->src\main\AndroidManifest.xml:26:19-43
42        <activity android:name="com.example.projektmobileapplikationen.Info" />
42-->src\main\AndroidManifest.xml:27:9-42
42-->src\main\AndroidManifest.xml:27:19-39
43
44        <meta-data
44-->src\main\AndroidManifest.xml:29:9-31:36
45            android:name="com.google.android.gms.ads.AD_MANAGER_APP"
45-->src\main\AndroidManifest.xml:30:13-69
46            android:value="true" />
46-->src\main\AndroidManifest.xml:31:13-33
47
48        <activity android:name="com.example.projektmobileapplikationen.MainActivity" >
48-->src\main\AndroidManifest.xml:33:9-39:20
48-->src\main\AndroidManifest.xml:33:19-47
49            <intent-filter>
49-->src\main\AndroidManifest.xml:34:13-38:29
50                <action android:name="android.intent.action.MAIN" />
50-->src\main\AndroidManifest.xml:35:17-69
50-->src\main\AndroidManifest.xml:35:25-66
51
52                <category android:name="android.intent.category.LAUNCHER" />
52-->src\main\AndroidManifest.xml:37:17-77
52-->src\main\AndroidManifest.xml:37:27-74
53            </intent-filter>
54        </activity>
55        <!-- Include the AdActivity and InAppPurchaseActivity configChanges and themes. -->
56        <activity
56-->[com.google.android.gms:play-services-ads-lite:18.2.0] AndroidManifest.xml:29:9-33:64
57            android:name="com.google.android.gms.ads.AdActivity"
57-->[com.google.android.gms:play-services-ads-lite:18.2.0] AndroidManifest.xml:30:13-65
58            android:configChanges="keyboard|keyboardHidden|orientation|screenLayout|uiMode|screenSize|smallestScreenSize"
58-->[com.google.android.gms:play-services-ads-lite:18.2.0] AndroidManifest.xml:31:13-122
59            android:exported="false"
59-->[com.google.android.gms:play-services-ads-lite:18.2.0] AndroidManifest.xml:32:13-37
60            android:theme="@android:style/Theme.Translucent" />
60-->[com.google.android.gms:play-services-ads-lite:18.2.0] AndroidManifest.xml:33:13-61
61
62        <provider
62-->[com.google.android.gms:play-services-ads-lite:18.2.0] AndroidManifest.xml:35:9-39:39
63            android:name="com.google.android.gms.ads.MobileAdsInitProvider"
63-->[com.google.android.gms:play-services-ads-lite:18.2.0] AndroidManifest.xml:36:13-76
64            android:authorities="com.example.projektmobileapplikationen.mobileadsinitprovider"
64-->[com.google.android.gms:play-services-ads-lite:18.2.0] AndroidManifest.xml:37:13-73
65            android:exported="false"
65-->[com.google.android.gms:play-services-ads-lite:18.2.0] AndroidManifest.xml:38:13-37
66            android:initOrder="100" />
66-->[com.google.android.gms:play-services-ads-lite:18.2.0] AndroidManifest.xml:39:13-36
67
68        <receiver
68-->[com.google.android.gms:play-services-measurement:17.0.0] AndroidManifest.xml:29:9-33:20
69            android:name="com.google.android.gms.measurement.AppMeasurementReceiver"
69-->[com.google.android.gms:play-services-measurement:17.0.0] AndroidManifest.xml:30:13-85
70            android:enabled="true"
70-->[com.google.android.gms:play-services-measurement:17.0.0] AndroidManifest.xml:31:13-35
71            android:exported="false" >
71-->[com.google.android.gms:play-services-measurement:17.0.0] AndroidManifest.xml:32:13-37
72        </receiver>
73        <receiver
73-->[com.google.android.gms:play-services-measurement:17.0.0] AndroidManifest.xml:34:9-42:20
74            android:name="com.google.android.gms.measurement.AppMeasurementInstallReferrerReceiver"
74-->[com.google.android.gms:play-services-measurement:17.0.0] AndroidManifest.xml:35:13-100
75            android:enabled="true"
75-->[com.google.android.gms:play-services-measurement:17.0.0] AndroidManifest.xml:36:13-35
76            android:exported="true"
76-->[com.google.android.gms:play-services-measurement:17.0.0] AndroidManifest.xml:37:13-36
77            android:permission="android.permission.INSTALL_PACKAGES" >
77-->[com.google.android.gms:play-services-measurement:17.0.0] AndroidManifest.xml:38:13-69
78            <intent-filter>
78-->[com.google.android.gms:play-services-measurement:17.0.0] AndroidManifest.xml:39:13-41:29
79                <action android:name="com.android.vending.INSTALL_REFERRER" />
79-->[com.google.android.gms:play-services-measurement:17.0.0] AndroidManifest.xml:40:17-79
79-->[com.google.android.gms:play-services-measurement:17.0.0] AndroidManifest.xml:40:25-76
80            </intent-filter>
81        </receiver>
82
83        <service
83-->[com.google.android.gms:play-services-measurement:17.0.0] AndroidManifest.xml:44:9-47:40
84            android:name="com.google.android.gms.measurement.AppMeasurementService"
84-->[com.google.android.gms:play-services-measurement:17.0.0] AndroidManifest.xml:45:13-84
85            android:enabled="true"
85-->[com.google.android.gms:play-services-measurement:17.0.0] AndroidManifest.xml:46:13-35
86            android:exported="false" />
86-->[com.google.android.gms:play-services-measurement:17.0.0] AndroidManifest.xml:47:13-37
87        <service
87-->[com.google.android.gms:play-services-measurement:17.0.0] AndroidManifest.xml:48:9-52:72
88            android:name="com.google.android.gms.measurement.AppMeasurementJobService"
88-->[com.google.android.gms:play-services-measurement:17.0.0] AndroidManifest.xml:49:13-87
89            android:enabled="true"
89-->[com.google.android.gms:play-services-measurement:17.0.0] AndroidManifest.xml:50:13-35
90            android:exported="false"
90-->[com.google.android.gms:play-services-measurement:17.0.0] AndroidManifest.xml:51:13-37
91            android:permission="android.permission.BIND_JOB_SERVICE" />
91-->[com.google.android.gms:play-services-measurement:17.0.0] AndroidManifest.xml:52:13-69
92
93        <meta-data
93-->[com.google.android.gms:play-services-basement:17.0.0] AndroidManifest.xml:23:9-25:69
94            android:name="com.google.android.gms.version"
94-->[com.google.android.gms:play-services-basement:17.0.0] AndroidManifest.xml:24:13-58
95            android:value="@integer/google_play_services_version" />
95-->[com.google.android.gms:play-services-basement:17.0.0] AndroidManifest.xml:25:13-66
96    </application>
97
98</manifest>